9                                                          The SAS System                      Wednesday, April  8, 2026 05:09:00 PM

232        
233                        ods listing close;
234                        ods html5 (id=saspy_internal) options(bitmap_mode='inline')
235                            file="D:\SASWORK\_TD16196_PAN-SAS_\Prc2\saspy_results.html"
236                            device=svg
237                            style=HTMLBlue;
NOTE: Writing HTML5(SASPY_INTERNAL) Body file: D:\SASWORK\_TD16196_PAN-SAS_\Prc2\saspy_results.html
238                        ods graphics on / outputfmt=png;
239                    ;*';*";*/;quit;run;/* Auto-generated by plan-to-sas-rtf for table 16.2.7.1 */
240        
241        options nodate nonumber missing=' ' orientation=landscape;
242        
243        %let xpt_path = D:\SAS_Data\TestD\development\test\input\adam\adae.xpt;
244        %let out_rtf  = D:\SAS_Data\TestD\development\test\output-20260408_101810\report\table_16.2.7.1.rtf;
245        
246        libname src xport "&xpt_path";
NOTE: Libref SRC was successfully assigned as follows: 
      Engine:        XPORT 
      Physical Name: D:\SAS_Data\TestD\development\test\input\adam\adae.xpt
247        
248        data source_raw;
249          set src.ADAE;
250        run;

NOTE: There were 30 observations read from the data set SRC.ADAE.
NOTE: The data set WORK.SOURCE_RAW has 30 observations and 48 variables.
NOTE: DATA statement used (Total process time):
      real time           0.20 seconds
      cpu time            0.00 seconds
      

251        
252        data source_pop;
253          set source_raw;
254          where SAFFL = '是';
255        run;

NOTE: There were 30 observations read from the data set WORK.SOURCE_RAW.
      WHERE SAFFL='是';
NOTE: The data set WORK.SOURCE_POP has 30 observations and 48 variables.
NOTE: DATA statement used (Total process time):
      real time           0.01 seconds
      cpu time            0.00 seconds
      

256        
257        proc sql noprint;
258          select count(distinct USUBJID)
259            into :n_pop trimmed
260          from source_pop;
261        quit;
NOTE: PROCEDURE SQL used (Total process time):
      real time           0.01 seconds
      cpu time            0.01 seconds
      

262        
263        data listing_prep;
264          set source_pop;
265          length subject_key $200 hdr_line $400
266                 col_ae $20 col_socptterm $400 col_aestdtc $40 col_sequelae $80
267                 col_sevrel $200 col_actions $200 col_outcome $200
268                 col_sae $200 col_aedis $80;
269        
270          subject_key = catx('|', strip(TRTA), strip(USUBJID), strip(TRTSDTC));
271          hdr_line = cats("组别 = ", strip(TRTA), ", 受试者编号 = ", strip(USUBJID), ", 给药日期 = ", strip(TRTSDTC));
272        
273          col_ae = strip(vvalue(AESEQ));
274          col_socptterm = catx('^n', strip(AESOC), strip(AEDECOD), strip(AETERM));
275          col_aestdtc = strip(AESTDTC);
276        
277          /* These columns are kept as placeholders because the current plan has no confirmed source. */
278          col_sequelae = '';
279          col_actions = '';
280          col_outcome = '';
281        
282          col_sevrel = catx('^n', strip(AETOXGR), strip(AEREL));
283        
284          /* Keep the composite column structure, but only AESER is confirmed. */
285          if not missing(AESER) then col_sae = cats(strip(AESER), '^n');
286          else col_sae = '';
287        
288          col_aedis = strip(AEDIS);
289        run;

NOTE: There were 30 observations read from the data set WORK.SOURCE_POP.
NOTE: The data set WORK.LISTING_PREP has 30 observations and 59 variables.
NOTE: DATA statement used (Total process time):
      real time           0.00 seconds
      cpu time            0.01 seconds
      

290        
291        proc sort data=listing_prep out=listing_sorted;
292          by subject_key AESTDTC AESEQ;
293        run;

NOTE: There were 30 observations read from the data set WORK.LISTING_PREP.
NOTE: The data set WORK.LISTING_SORTED has 30 observations and 59 variables.
NOTE: PROCEDURE SORT used (Total process time):
      real time           0.01 seconds
      cpu time            0.01 seconds
      

294        
295        ods escapechar='^';
296        ods rtf file="&out_rtf" style=journal bodytitle;
NOTE: Writing RTF Body file: D:\SAS_Data\TestD\development\test\output-20260408_101810\report\table_16.2.7.1.rtf
297        
298        title1 j=c "清单 16.2.7.1: 所有不良事件清单";
299        title2 j=c "SS (N=&n_pop)";
300        
301        footnote1 j=l "注：(1)A组为轻度肝功能损害(Child-Pugh A)受试者；B组为中度肝功能损害(Child-Pugh
301      ! B)受试者；C组为肝功能正常健康受试者。";
302        footnote2 j=l "注：(2)编码字典: MedDRA xx.x。";
303        
304        proc report data=listing_sorted nowd headline headskip split='|'
305          style(report)={outputwidth=100% fontsize=9pt fontfamily='Arial'}
306          style(column)={fontfamily='Arial' fontsize=9pt just=center asis=on}
307          style(header)={fontfamily='Arial' fontsize=9pt fontweight=bold just=center};
308        
309          columns subject_key hdr_line col_ae col_socptterm col_aestdtc col_sequelae
310                  col_sevrel col_actions col_outcome col_sae col_aedis;
311        
312          define subject_key   / order noprint;
313          define hdr_line      / order noprint;
314          define col_ae        / display "AE";
315          define col_socptterm / display "系统器官分类(SOC)|首选术语(PT)|不良事件名称";
316          define col_aestdtc   / display "开始日期和时间";
317          define col_sequelae  / display "有无后遗症";
318          define col_sevrel    / display "严重程度|与试验药物关系";
319          define col_actions   / display "对试验药物采取的措施|对不良事件采取的措施";
320          define col_outcome   / display "转归|转归日期和时间";
321          define col_sae       / display "是否为严重不良事件|符合的SAE标准";
322          define col_aedis     / display "是否因此不良事件退出试验";
323        
324          compute before subject_key / style={just=l fontweight=bold};
325            _trta = scan(subject_key, 1, '|');
326            _usubjid = scan(subject_key, 2, '|');
327            _trtsdtc = scan(subject_key, 3, '|');
328            _hdr = cats("组别 = ", _trta, ", 受试者编号 = ", _usubjid, ", 给药日期 = ", _trtsdtc);
329            line _hdr $400.;
330          endcomp;
331        
332        run;

NOTE: There were 30 observations read from the data set WORK.LISTING_SORTED.
NOTE: PROCEDURE REPORT used (Total process time):
      real time           0.07 seconds
      cpu time            0.07 seconds
      

333        
334        ods rtf close;
335        title;
336        footnote;
337        ;*';*";*/;quit;run;
338                        ods html5 (id=saspy_internal) close;
339                        ods listing;
340        
